[2024-05-23 04:55:53] local.ERROR: Undefined variable $gender (View: /home2/leavecod/headsup.leavecodetech.com/resources/views/patient-form/patient-payment.blade.php) {"view":{"view":"/home2/leavecod/headsup.leavecodetech.com/resources/views/patient-form/patient-payment.blade.php","data":{"errors":"<pre class=sf-dump id=sf-dump-255972822 data-indent-pad=\"  \"><span class=sf-dump-note>Illuminate\\Support\\ViewErrorBag</span> {<a class=sf-dump-ref>#1483</a><samp data-depth=1 class=sf-dump-expanded>
  #<span class=sf-dump-protected title=\"Protected property\">bags</span>: []
</samp>}
</pre><script>Sfdump(\"sf-dump-255972822\", {\"maxDepth\":3,\"maxStringLength\":160})</script>
","patient_form_data":"<pre class=sf-dump id=sf-dump-2070405298 data-indent-pad=\"  \"><span class=sf-dump-note>App\\Patient</span> {<a class=sf-dump-ref>#1528</a><samp data-depth=1 class=sf-dump-expanded>
  #<span class=sf-dump-protected title=\"Protected property\">table</span>: \"<span class=sf-dump-str title=\"7 characters\">patient</span>\"
  #<span class=sf-dump-protected title=\"Protected property\">fillable</span>: <span class=sf-dump-note>array:48</span> [<samp data-depth=2 class=sf-dump-compact>
    <span class=sf-dump-index>0</span> => \"<span class=sf-dump-str title=\"5 characters\">fname</span>\"
    <span class=sf-dump-index>1</span> => \"<span class=sf-dump-str title=\"5 characters\">lname</span>\"
    <span class=sf-dump-index>2</span> => \"<span class=sf-dump-str title=\"5 characters\">phone</span>\"
    <span class=sf-dump-index>3</span> => \"<span class=sf-dump-str title=\"5 characters\">email</span>\"
    <span class=sf-dump-index>4</span> => \"<span class=sf-dump-str title=\"6 characters\">gender</span>\"
    <span class=sf-dump-index>5</span> => \"<span class=sf-dump-str title=\"5 characters\">month</span>\"
    <span class=sf-dump-index>6</span> => \"<span class=sf-dump-str title=\"3 characters\">day</span>\"
    <span class=sf-dump-index>7</span> => \"<span class=sf-dump-str title=\"4 characters\">year</span>\"
    <span class=sf-dump-index>8</span> => \"<span class=sf-dump-str title=\"9 characters\">selector1</span>\"
    <span class=sf-dump-index>9</span> => \"<span class=sf-dump-str title=\"9 characters\">selector2</span>\"
    <span class=sf-dump-index>10</span> => \"<span class=sf-dump-str title=\"9 characters\">selector3</span>\"
    <span class=sf-dump-index>11</span> => \"<span class=sf-dump-str title=\"9 characters\">selector4</span>\"
    <span class=sf-dump-index>12</span> => \"<span class=sf-dump-str title=\"19 characters\">n_option4_textarea4</span>\"
    <span class=sf-dump-index>13</span> => \"<span class=sf-dump-str title=\"9 characters\">selector5</span>\"
    <span class=sf-dump-index>14</span> => \"<span class=sf-dump-str title=\"9 characters\">selector6</span>\"
    <span class=sf-dump-index>15</span> => \"<span class=sf-dump-str title=\"19 characters\">n_option6_textarea6</span>\"
    <span class=sf-dump-index>16</span> => \"<span class=sf-dump-str title=\"9 characters\">selector7</span>\"
    <span class=sf-dump-index>17</span> => \"<span class=sf-dump-str title=\"9 characters\">selector8</span>\"
    <span class=sf-dump-index>18</span> => \"<span class=sf-dump-str title=\"9 characters\">selector9</span>\"
    <span class=sf-dump-index>19</span> => \"<span class=sf-dump-str title=\"10 characters\">selector10</span>\"
    <span class=sf-dump-index>20</span> => \"<span class=sf-dump-str title=\"21 characters\">i_option10_textarea10</span>\"
    <span class=sf-dump-index>21</span> => \"<span class=sf-dump-str title=\"10 characters\">selector12</span>\"
    <span class=sf-dump-index>22</span> => \"<span class=sf-dump-str title=\"21 characters\">n_option12_textarea12</span>\"
    <span class=sf-dump-index>23</span> => \"<span class=sf-dump-str title=\"10 characters\">selector13</span>\"
    <span class=sf-dump-index>24</span> => \"<span class=sf-dump-str title=\"10 characters\">selector14</span>\"
    <span class=sf-dump-index>25</span> => \"<span class=sf-dump-str title=\"10 characters\">selector15</span>\"
    <span class=sf-dump-index>26</span> => \"<span class=sf-dump-str title=\"10 characters\">selector16</span>\"
    <span class=sf-dump-index>27</span> => \"<span class=sf-dump-str title=\"21 characters\">n_option16_textarea16</span>\"
    <span class=sf-dump-index>28</span> => \"<span class=sf-dump-str title=\"10 characters\">selector17</span>\"
    <span class=sf-dump-index>29</span> => \"<span class=sf-dump-str title=\"10 characters\">selector18</span>\"
    <span class=sf-dump-index>30</span> => \"<span class=sf-dump-str title=\"21 characters\">n_option18_textarea18</span>\"
    <span class=sf-dump-index>31</span> => \"<span class=sf-dump-str title=\"10 characters\">selector19</span>\"
    <span class=sf-dump-index>32</span> => \"<span class=sf-dump-str title=\"10 characters\">selector20</span>\"
    <span class=sf-dump-index>33</span> => \"<span class=sf-dump-str title=\"10 characters\">selector21</span>\"
    <span class=sf-dump-index>34</span> => \"<span class=sf-dump-str title=\"10 characters\">selector22</span>\"
    <span class=sf-dump-index>35</span> => \"<span class=sf-dump-str title=\"10 characters\">selector23</span>\"
    <span class=sf-dump-index>36</span> => \"<span class=sf-dump-str title=\"10 characters\">selector24</span>\"
    <span class=sf-dump-index>37</span> => \"<span class=sf-dump-str title=\"10 characters\">selector25</span>\"
    <span class=sf-dump-index>38</span> => \"<span class=sf-dump-str title=\"21 characters\">n_option25_textarea25</span>\"
    <span class=sf-dump-index>39</span> => \"<span class=sf-dump-str title=\"10 characters\">selector26</span>\"
    <span class=sf-dump-index>40</span> => \"<span class=sf-dump-str title=\"21 characters\">n_option26_textarea26</span>\"
    <span class=sf-dump-index>41</span> => \"<span class=sf-dump-str title=\"10 characters\">selector27</span>\"
    <span class=sf-dump-index>42</span> => \"<span class=sf-dump-str title=\"10 characters\">selector28</span>\"
    <span class=sf-dump-index>43</span> => \"<span class=sf-dump-str title=\"10 characters\">selector29</span>\"
    <span class=sf-dump-index>44</span> => \"<span class=sf-dump-str title=\"21 characters\">n_option29_textarea29</span>\"
    <span class=sf-dump-index>45</span> => \"<span class=sf-dump-str title=\"10 characters\">selector30</span>\"
    <span class=sf-dump-index>46</span> => \"<span class=sf-dump-str title=\"11 characters\">facePicture</span>\"
    <span class=sf-dump-index>47</span> => \"<span class=sf-dump-str title=\"8 characters\">uploadId</span>\"
  </samp>]
  #<span class=sf-dump-protected title=\"Protected property\">connection</span>: \"<span class=sf-dump-str title=\"5 characters\">mysql</span>\"
  #<span class=sf-dump-protected title=\"Protected property\">primaryKey</span>: \"<span class=sf-dump-str title=\"2 characters\">id</span>\"
  #<span class=sf-dump-protected title=\"Protected property\">keyType</span>: \"<span class=sf-dump-str title=\"3 characters\">int</span>\"
  +<span class=sf-dump-public title=\"Public property\">incrementing</span>: <span class=sf-dump-const>true</span>
  #<span class=sf-dump-protected title=\"Protected property\">with</span>: []
  #<span class=sf-dump-protected title=\"Protected property\">withCount</span>: []
  +<span class=sf-dump-public title=\"Public property\">preventsLazyLoading</span>: <span class=sf-dump-const>false</span>
  #<span class=sf-dump-protected title=\"Protected property\">perPage</span>: <span class=sf-dump-num>15</span>
  +<span class=sf-dump-public title=\"Public property\">exists</span>: <span class=sf-dump-const>true</span>
  +<span class=sf-dump-public title=\"Public property\">wasRecentlyCreated</span>: <span class=sf-dump-const>false</span>
  #<span class=sf-dump-protected title=\"Protected property\">escapeWhenCastingToString</span>: <span class=sf-dump-const>false</span>
  #<span class=sf-dump-protected title=\"Protected property\">attributes</span>: <span class=sf-dump-note>array:66</span> [<samp data-depth=2 class=sf-dump-compact>
    \"<span class=sf-dump-key>id</span>\" => \"<span class=sf-dump-str title=\"3 characters\">104</span>\"
    \"<span class=sf-dump-key>patient_id</span>\" => \"<span class=sf-dump-str title=\"2 characters\">61</span>\"
    \"<span class=sf-dump-key>sure_script_patient_id</span>\" => <span class=sf-dump-const>null</span>
    \"<span class=sf-dump-key>sure_script_practiceId</span>\" => <span class=sf-dump-const>null</span>
    \"<span class=sf-dump-key>sure_script_userIdAdded</span>\" => <span class=sf-dump-const>null</span>
    \"<span class=sf-dump-key>fname</span>\" => \"<span class=sf-dump-str title=\"4 characters\">dsds</span>\"
    \"<span class=sf-dump-key>lname</span>\" => \"<span class=sf-dump-str title=\"5 characters\">dsdsd</span>\"
    \"<span class=sf-dump-key>phone</span>\" => \"<span class=sf-dump-str title=\"10 characters\">9874563210</span>\"
    \"<span class=sf-dump-key>email</span>\" => \"<span class=sf-dump-str title=\"21 characters\">doctor23232@gmail.com</span>\"
    \"<span class=sf-dump-key>gender</span>\" => \"<span class=sf-dump-str>M</span>\"
    \"<span class=sf-dump-key>month</span>\" => \"<span class=sf-dump-str title=\"2 characters\">03</span>\"
    \"<span class=sf-dump-key>day</span>\" => \"<span class=sf-dump-str title=\"2 characters\">04</span>\"
    \"<span class=sf-dump-key>year</span>\" => \"<span class=sf-dump-str title=\"4 characters\">1968</span>\"
    \"<span class=sf-dump-key>selector1</span>\" => \"<span class=sf-dump-str title=\"35 characters\">Gradually but has worsened overtime</span>\"
    \"<span class=sf-dump-key>selector2</span>\" => \"<span class=sf-dump-str title=\"13 characters\">Little effect</span>\"
    \"<span class=sf-dump-key>selector3</span>\" => \"<span class=sf-dump-str title=\"8 characters\">Somewhat</span>\"
    \"<span class=sf-dump-key>selector4</span>\" => \"<span class=sf-dump-str title=\"32 characters\">[&quot;Hyperlipidemia&quot;,&quot;Sleep apnea&quot;]</span>\"
    \"<span class=sf-dump-key>n_option4_textarea4</span>\" => <span class=sf-dump-const>null</span>
    \"<span class=sf-dump-key>selector5</span>\" => \"<span class=sf-dump-str title=\"2 characters\">No</span>\"
    \"<span class=sf-dump-key>selector6</span>\" => \"<span class=sf-dump-str title=\"3 characters\">Yes</span>\"
    \"<span class=sf-dump-key>n_option6_textarea6</span>\" => <span class=sf-dump-const>null</span>
    \"<span class=sf-dump-key>selector7</span>\" => \"<span class=sf-dump-str title=\"20 characters\">Maintain an erection</span>\"
    \"<span class=sf-dump-key>selector8</span>\" => \"<span class=sf-dump-str title=\"12 characters\">A little bit</span>\"
    \"<span class=sf-dump-key>selector9</span>\" => \"<span class=sf-dump-str title=\"8 characters\">Somewhat</span>\"
    \"<span class=sf-dump-key>selector10</span>\" => \"<span class=sf-dump-str title=\"41 characters\">[&quot;Testosterone Replacement&quot;,&quot;Injections&quot;]</span>\"
    \"<span class=sf-dump-key>i_option10_textarea10</span>\" => <span class=sf-dump-const>null</span>
    \"<span class=sf-dump-key>selector11</span>\" => \"<span class=sf-dump-str title=\"15 characters\">This is testing</span>\"
    \"<span class=sf-dump-key>selector12</span>\" => \"<span class=sf-dump-str title=\"2 characters\">No</span>\"
    \"<span class=sf-dump-key>n_option12_textarea12</span>\" => <span class=sf-dump-const>null</span>
    \"<span class=sf-dump-key>selector13</span>\" => \"<span class=sf-dump-str title=\"2 characters\">No</span>\"
    \"<span class=sf-dump-key>n_option13_textarea13</span>\" => <span class=sf-dump-const>null</span>
    \"<span class=sf-dump-key>selector14</span>\" => \"<span class=sf-dump-str title=\"33 characters\">[&quot;Diltiazem&quot;,&quot;Ulcer medications&quot;]</span>\"
    \"<span class=sf-dump-key>selector15</span>\" => \"<span class=sf-dump-str title=\"15 characters\">This is testing</span>\"
    \"<span class=sf-dump-key>selector16</span>\" => \"<span class=sf-dump-str title=\"2 characters\">No</span>\"
    \"<span class=sf-dump-key>n_option16_textarea16</span>\" => <span class=sf-dump-const>null</span>
    \"<span class=sf-dump-key>selector17</span>\" => \"<span class=sf-dump-str title=\"22 characters\">[&quot;Abnormal heartbeat&quot;]</span>\"
    \"<span class=sf-dump-key>selector18</span>\" => \"<span class=sf-dump-str title=\"2 characters\">No</span>\"
    \"<span class=sf-dump-key>n_option18_textarea18</span>\" => <span class=sf-dump-const>null</span>
    \"<span class=sf-dump-key>selector19</span>\" => \"<span class=sf-dump-str title=\"22 characters\">Cardiovascular disease</span>\"
    \"<span class=sf-dump-key>selector20</span>\" => \"<span class=sf-dump-str title=\"15 characters\">This is testing</span>\"
    \"<span class=sf-dump-key>selector21</span>\" => \"<span class=sf-dump-str title=\"10 characters\">Not at all</span>\"
    \"<span class=sf-dump-key>selector22</span>\" => \"<span class=sf-dump-str title=\"12 characters\">Several days</span>\"
    \"<span class=sf-dump-key>selector23</span>\" => \"<span class=sf-dump-str title=\"12 characters\">Several days</span>\"
    \"<span class=sf-dump-key>selector24</span>\" => \"<span class=sf-dump-str title=\"26 characters\">[&quot;I smoke or use tobacco&quot;]</span>\"
    \"<span class=sf-dump-key>selector25</span>\" => \"<span class=sf-dump-str title=\"12 characters\">Molly (MDMA)</span>\"
    \"<span class=sf-dump-key>n_option25_textarea25</span>\" => <span class=sf-dump-const>null</span>
    \"<span class=sf-dump-key>selector26</span>\" => \"<span class=sf-dump-str title=\"2 characters\">No</span>\"
    \"<span class=sf-dump-key>n_option26_textarea26</span>\" => <span class=sf-dump-const>null</span>
    \"<span class=sf-dump-key>selector27</span>\" => \"<span class=sf-dump-str title=\"30 characters\">Above Normal (121/80 - 129/80)</span>\"
    \"<span class=sf-dump-key>selector28</span>\" => \"<span class=sf-dump-str title=\"29 characters\">[&quot;Weight gain \\/ management&quot;]</span>\"
    \"<span class=sf-dump-key>selector29</span>\" => \"<span class=sf-dump-str title=\"2 characters\">No</span>\"
    \"<span class=sf-dump-key>n_option29_textarea29</span>\" => <span class=sf-dump-const>null</span>
    \"<span class=sf-dump-key>selector30</span>\" => <span class=sf-dump-const>null</span>
    \"<span class=sf-dump-key>selector33</span>\" => \"<span class=sf-dump-str title=\"5 characters\">100mg</span>\"
    \"<span class=sf-dump-key>selector34</span>\" => \"<span class=sf-dump-str title=\"18 characters\">10 times per month</span>\"
    \"<span class=sf-dump-key>selector35</span>\" => \"<span class=sf-dump-str title=\"14 characters\">Generic Viagra</span>\"
    \"<span class=sf-dump-key>how_many_month_supply</span>\" => \"<span class=sf-dump-str title=\"7 characters\">3 Month</span>\"
    \"<span class=sf-dump-key>session_uni_id</span>\" => \"<span class=sf-dump-str title=\"13 characters\">pat2026375800</span>\"
    \"<span class=sf-dump-key>facePicture</span>\" => \"<span class=sf-dump-str title=\"34 characters\">uploads/facePicture/1716439538.png</span>\"
    \"<span class=sf-dump-key>uploadId</span>\" => \"<span class=sf-dump-str title=\"31 characters\">uploads/uploadId/1716439538.png</span>\"
    \"<span class=sf-dump-key>medician_image</span>\" => \"<span class=sf-dump-str title=\"71 characters\">/storage/app/public/images/IBsf2RljbRFtxgG284wMgX7JxnDhsQLvXFnCzbyw.png</span>\"
    \"<span class=sf-dump-key>total_amount</span>\" => \"<span class=sf-dump-str title=\"3 characters\">255</span>\"
    \"<span class=sf-dump-key>total_discount</span>\" => \"<span class=sf-dump-str title=\"2 characters\">45</span>\"
    \"<span class=sf-dump-key>created_at</span>\" => \"<span class=sf-dump-str title=\"19 characters\">2024-05-23 04:45:38</span>\"
    \"<span class=sf-dump-key>updated_at</span>\" => \"<span class=sf-dump-str title=\"19 characters\">2024-05-23 04:45:58</span>\"
    \"<span class=sf-dump-key>deleted_at</span>\" => <span class=sf-dump-const>null</span>
  </samp>]
  #<span class=sf-dump-protected title=\"Protected property\">original</span>: <span class=sf-dump-note>array:66</span> [<samp data-depth=2 class=sf-dump-compact>
    \"<span class=sf-dump-key>id</span>\" => \"<span class=sf-dump-str title=\"3 characters\">104</span>\"
    \"<span class=sf-dump-key>patient_id</span>\" => \"<span class=sf-dump-str title=\"2 characters\">61</span>\"
    \"<span class=sf-dump-key>sure_script_patient_id</span>\" => <span class=sf-dump-const>null</span>
    \"<span class=sf-dump-key>sure_script_practiceId</span>\" => <span class=sf-dump-const>null</span>
    \"<span class=sf-dump-key>sure_script_userIdAdded</span>\" => <span class=sf-dump-const>null</span>
    \"<span class=sf-dump-key>fname</span>\" => \"<span class=sf-dump-str title=\"4 characters\">dsds</span>\"
    \"<span class=sf-dump-key>lname</span>\" => \"<span class=sf-dump-str title=\"5 characters\">dsdsd</span>\"
    \"<span class=sf-dump-key>phone</span>\" => \"<span class=sf-dump-str title=\"10 characters\">9874563210</span>\"
    \"<span class=sf-dump-key>email</span>\" => \"<span class=sf-dump-str title=\"21 characters\">doctor23232@gmail.com</span>\"
    \"<span class=sf-dump-key>gender</span>\" => \"<span class=sf-dump-str>M</span>\"
    \"<span class=sf-dump-key>month</span>\" => \"<span class=sf-dump-str title=\"2 characters\">03</span>\"
    \"<span class=sf-dump-key>day</span>\" => \"<span class=sf-dump-str title=\"2 characters\">04</span>\"
    \"<span class=sf-dump-key>year</span>\" => \"<span class=sf-dump-str title=\"4 characters\">1968</span>\"
    \"<span class=sf-dump-key>selector1</span>\" => \"<span class=sf-dump-str title=\"35 characters\">Gradually but has worsened overtime</span>\"
    \"<span class=sf-dump-key>selector2</span>\" => \"<span class=sf-dump-str title=\"13 characters\">Little effect</span>\"
    \"<span class=sf-dump-key>selector3</span>\" => \"<span class=sf-dump-str title=\"8 characters\">Somewhat</span>\"
    \"<span class=sf-dump-key>selector4</span>\" => \"<span class=sf-dump-str title=\"32 characters\">[&quot;Hyperlipidemia&quot;,&quot;Sleep apnea&quot;]</span>\"
    \"<span class=sf-dump-key>n_option4_textarea4</span>\" => <span class=sf-dump-const>null</span>
    \"<span class=sf-dump-key>selector5</span>\" => \"<span class=sf-dump-str title=\"2 characters\">No</span>\"
    \"<span class=sf-dump-key>selector6</span>\" => \"<span class=sf-dump-str title=\"3 characters\">Yes</span>\"
    \"<span class=sf-dump-key>n_option6_textarea6</span>\" => <span class=sf-dump-const>null</span>
    \"<span class=sf-dump-key>selector7</span>\" => \"<span class=sf-dump-str title=\"20 characters\">Maintain an erection</span>\"
    \"<span class=sf-dump-key>selector8</span>\" => \"<span class=sf-dump-str title=\"12 characters\">A little bit</span>\"
    \"<span class=sf-dump-key>selector9</span>\" => \"<span class=sf-dump-str title=\"8 characters\">Somewhat</span>\"
    \"<span class=sf-dump-key>selector10</span>\" => \"<span class=sf-dump-str title=\"41 characters\">[&quot;Testosterone Replacement&quot;,&quot;Injections&quot;]</span>\"
    \"<span class=sf-dump-key>i_option10_textarea10</span>\" => <span class=sf-dump-const>null</span>
    \"<span class=sf-dump-key>selector11</span>\" => \"<span class=sf-dump-str title=\"15 characters\">This is testing</span>\"
    \"<span class=sf-dump-key>selector12</span>\" => \"<span class=sf-dump-str title=\"2 characters\">No</span>\"
    \"<span class=sf-dump-key>n_option12_textarea12</span>\" => <span class=sf-dump-const>null</span>
    \"<span class=sf-dump-key>selector13</span>\" => \"<span class=sf-dump-str title=\"2 characters\">No</span>\"
    \"<span class=sf-dump-key>n_option13_textarea13</span>\" => <span class=sf-dump-const>null</span>
    \"<span class=sf-dump-key>selector14</span>\" => \"<span class=sf-dump-str title=\"33 characters\">[&quot;Diltiazem&quot;,&quot;Ulcer medications&quot;]</span>\"
    \"<span class=sf-dump-key>selector15</span>\" => \"<span class=sf-dump-str title=\"15 characters\">This is testing</span>\"
    \"<span class=sf-dump-key>selector16</span>\" => \"<span class=sf-dump-str title=\"2 characters\">No</span>\"
    \"<span class=sf-dump-key>n_option16_textarea16</span>\" => <span class=sf-dump-const>null</span>
    \"<span class=sf-dump-key>selector17</span>\" => \"<span class=sf-dump-str title=\"22 characters\">[&quot;Abnormal heartbeat&quot;]</span>\"
    \"<span class=sf-dump-key>selector18</span>\" => \"<span class=sf-dump-str title=\"2 characters\">No</span>\"
    \"<span class=sf-dump-key>n_option18_textarea18</span>\" => <span class=sf-dump-const>null</span>
    \"<span class=sf-dump-key>selector19</span>\" => \"<span class=sf-dump-str title=\"22 characters\">Cardiovascular disease</span>\"
    \"<span class=sf-dump-key>selector20</span>\" => \"<span class=sf-dump-str title=\"15 characters\">This is testing</span>\"
    \"<span class=sf-dump-key>selector21</span>\" => \"<span class=sf-dump-str title=\"10 characters\">Not at all</span>\"
    \"<span class=sf-dump-key>selector22</span>\" => \"<span class=sf-dump-str title=\"12 characters\">Several days</span>\"
    \"<span class=sf-dump-key>selector23</span>\" => \"<span class=sf-dump-str title=\"12 characters\">Several days</span>\"
    \"<span class=sf-dump-key>selector24</span>\" => \"<span class=sf-dump-str title=\"26 characters\">[&quot;I smoke or use tobacco&quot;]</span>\"
    \"<span class=sf-dump-key>selector25</span>\" => \"<span class=sf-dump-str title=\"12 characters\">Molly (MDMA)</span>\"
    \"<span class=sf-dump-key>n_option25_textarea25</span>\" => <span class=sf-dump-const>null</span>
    \"<span class=sf-dump-key>selector26</span>\" => \"<span class=sf-dump-str title=\"2 characters\">No</span>\"
    \"<span class=sf-dump-key>n_option26_textarea26</span>\" => <span class=sf-dump-const>null</span>
    \"<span class=sf-dump-key>selector27</span>\" => \"<span class=sf-dump-str title=\"30 characters\">Above Normal (121/80 - 129/80)</span>\"
    \"<span class=sf-dump-key>selector28</span>\" => \"<span class=sf-dump-str title=\"29 characters\">[&quot;Weight gain \\/ management&quot;]</span>\"
    \"<span class=sf-dump-key>selector29</span>\" => \"<span class=sf-dump-str title=\"2 characters\">No</span>\"
    \"<span class=sf-dump-key>n_option29_textarea29</span>\" => <span class=sf-dump-const>null</span>
    \"<span class=sf-dump-key>selector30</span>\" => <span class=sf-dump-const>null</span>
    \"<span class=sf-dump-key>selector33</span>\" => \"<span class=sf-dump-str title=\"5 characters\">100mg</span>\"
    \"<span class=sf-dump-key>selector34</span>\" => \"<span class=sf-dump-str title=\"18 characters\">10 times per month</span>\"
    \"<span class=sf-dump-key>selector35</span>\" => \"<span class=sf-dump-str title=\"14 characters\">Generic Viagra</span>\"
    \"<span class=sf-dump-key>how_many_month_supply</span>\" => \"<span class=sf-dump-str title=\"7 characters\">3 Month</span>\"
    \"<span class=sf-dump-key>session_uni_id</span>\" => \"<span class=sf-dump-str title=\"13 characters\">pat2026375800</span>\"
    \"<span class=sf-dump-key>facePicture</span>\" => \"<span class=sf-dump-str title=\"34 characters\">uploads/facePicture/1716439538.png</span>\"
    \"<span class=sf-dump-key>uploadId</span>\" => \"<span class=sf-dump-str title=\"31 characters\">uploads/uploadId/1716439538.png</span>\"
    \"<span class=sf-dump-key>medician_image</span>\" => \"<span class=sf-dump-str title=\"71 characters\">/storage/app/public/images/IBsf2RljbRFtxgG284wMgX7JxnDhsQLvXFnCzbyw.png</span>\"
    \"<span class=sf-dump-key>total_amount</span>\" => \"<span class=sf-dump-str title=\"3 characters\">255</span>\"
    \"<span class=sf-dump-key>total_discount</span>\" => \"<span class=sf-dump-str title=\"2 characters\">45</span>\"
    \"<span class=sf-dump-key>created_at</span>\" => \"<span class=sf-dump-str title=\"19 characters\">2024-05-23 04:45:38</span>\"
    \"<span class=sf-dump-key>updated_at</span>\" => \"<span class=sf-dump-str title=\"19 characters\">2024-05-23 04:45:58</span>\"
    \"<span class=sf-dump-key>deleted_at</span>\" => <span class=sf-dump-const>null</span>
  </samp>]
  #<span class=sf-dump-protected title=\"Protected property\">changes</span>: []
  #<span class=sf-dump-protected title=\"Protected property\">casts</span>: <span class=sf-dump-note>array:1</span> [<samp data-depth=2 class=sf-dump-compact>
    \"<span class=sf-dump-key>deleted_at</span>\" => \"<span class=sf-dump-str title=\"8 characters\">datetime</span>\"
  </samp>]
  #<span class=sf-dump-protected title=\"Protected property\">classCastCache</span>: []
  #<span class=sf-dump-protected title=\"Protected property\">attributeCastCache</span>: []
  #<span class=sf-dump-protected title=\"Protected property\">dates</span>: []
  #<span class=sf-dump-protected title=\"Protected property\">dateFormat</span>: <span class=sf-dump-const>null</span>
  #<span class=sf-dump-protected title=\"Protected property\">appends</span>: []
  #<span class=sf-dump-protected title=\"Protected property\">dispatchesEvents</span>: []
  #<span class=sf-dump-protected title=\"Protected property\">observables</span>: []
  #<span class=sf-dump-protected title=\"Protected property\">relations</span>: []
  #<span class=sf-dump-protected title=\"Protected property\">touches</span>: []
  +<span class=sf-dump-public title=\"Public property\">timestamps</span>: <span class=sf-dump-const>true</span>
  #<span class=sf-dump-protected title=\"Protected property\">hidden</span>: []
  #<span class=sf-dump-protected title=\"Protected property\">visible</span>: []
  #<span class=sf-dump-protected title=\"Protected property\">guarded</span>: <span class=sf-dump-note>array:1</span> [<samp data-depth=2 class=sf-dump-compact>
    <span class=sf-dump-index>0</span> => \"<span class=sf-dump-str>*</span>\"
  </samp>]
  #<span class=sf-dump-protected title=\"Protected property\">forceDeleting</span>: <span class=sf-dump-const>false</span>
  +<span class=sf-dump-public title=\"Public property\">mediaConversions</span>: []
  +<span class=sf-dump-public title=\"Public property\">mediaCollections</span>: []
  #<span class=sf-dump-protected title=\"Protected property\">deletePreservingMedia</span>: <span class=sf-dump-const>false</span>
  #<span class=sf-dump-protected title=\"Protected property\">unAttachedMediaLibraryItems</span>: []
</samp>}
</pre><script>Sfdump(\"sf-dump-2070405298\", {\"maxDepth\":3,\"maxStringLength\":160})</script>
","PatientShippingAddress":"<pre class=sf-dump id=sf-dump-1924659148 data-indent-pad=\"  \"><span class=sf-dump-note>App\\PatientShippingAddress</span> {<a class=sf-dump-ref>#1533</a><samp data-depth=1 class=sf-dump-expanded>
  #<span class=sf-dump-protected title=\"Protected property\">table</span>: \"<span class=sf-dump-str title=\"24 characters\">patient_shipping_address</span>\"
  #<span class=sf-dump-protected title=\"Protected property\">fillable</span>: <span class=sf-dump-note>array:9</span> [<samp data-depth=2 class=sf-dump-compact>
    <span class=sf-dump-index>0</span> => \"<span class=sf-dump-str title=\"10 characters\">patient_id</span>\"
    <span class=sf-dump-index>1</span> => \"<span class=sf-dump-str title=\"10 characters\">first_name</span>\"
    <span class=sf-dump-index>2</span> => \"<span class=sf-dump-str title=\"9 characters\">last_name</span>\"
    <span class=sf-dump-index>3</span> => \"<span class=sf-dump-str title=\"11 characters\">address_one</span>\"
    <span class=sf-dump-index>4</span> => \"<span class=sf-dump-str title=\"11 characters\">address_two</span>\"
    <span class=sf-dump-index>5</span> => \"<span class=sf-dump-str title=\"7 characters\">country</span>\"
    <span class=sf-dump-index>6</span> => \"<span class=sf-dump-str title=\"4 characters\">city</span>\"
    <span class=sf-dump-index>7</span> => \"<span class=sf-dump-str title=\"5 characters\">state</span>\"
    <span class=sf-dump-index>8</span> => \"<span class=sf-dump-str title=\"8 characters\">zip_code</span>\"
  </samp>]
  #<span class=sf-dump-protected title=\"Protected property\">connection</span>: \"<span class=sf-dump-str title=\"5 characters\">mysql</span>\"
  #<span class=sf-dump-protected title=\"Protected property\">primaryKey</span>: \"<span class=sf-dump-str title=\"2 characters\">id</span>\"
  #<span class=sf-dump-protected title=\"Protected property\">keyType</span>: \"<span class=sf-dump-str title=\"3 characters\">int</span>\"
  +<span class=sf-dump-public title=\"Public property\">incrementing</span>: <span class=sf-dump-const>true</span>
  #<span class=sf-dump-protected title=\"Protected property\">with</span>: []
  #<span class=sf-dump-protected title=\"Protected property\">withCount</span>: []
  +<span class=sf-dump-public title=\"Public property\">preventsLazyLoading</span>: <span class=sf-dump-const>false</span>
  #<span class=sf-dump-protected title=\"Protected property\">perPage</span>: <span class=sf-dump-num>15</span>
  +<span class=sf-dump-public title=\"Public property\">exists</span>: <span class=sf-dump-const>true</span>
  +<span class=sf-dump-public title=\"Public property\">wasRecentlyCreated</span>: <span class=sf-dump-const>false</span>
  #<span class=sf-dump-protected title=\"Protected property\">escapeWhenCastingToString</span>: <span class=sf-dump-const>false</span>
  #<span class=sf-dump-protected title=\"Protected property\">attributes</span>: <span class=sf-dump-note>array:13</span> [<samp data-depth=2 class=sf-dump-compact>
    \"<span class=sf-dump-key>id</span>\" => \"<span class=sf-dump-str title=\"2 characters\">37</span>\"
    \"<span class=sf-dump-key>patient_id</span>\" => \"<span class=sf-dump-str title=\"3 characters\">104</span>\"
    \"<span class=sf-dump-key>first_name</span>\" => \"<span class=sf-dump-str title=\"4 characters\">dsds</span>\"
    \"<span class=sf-dump-key>last_name</span>\" => \"<span class=sf-dump-str title=\"5 characters\">dsdsd</span>\"
    \"<span class=sf-dump-key>address_one</span>\" => \"<span class=sf-dump-str title=\"43 characters\">skdfkdsfnkdsfkdsfjkdsfjkdsjfksdjfsdddfdfdfd</span>\"
    \"<span class=sf-dump-key>address_two</span>\" => \"<span class=sf-dump-str title=\"35 characters\">skdfkdsfnkdsfkdsfjkdsfjkdsjfksdjfsd</span>\"
    \"<span class=sf-dump-key>country</span>\" => \"<span class=sf-dump-str title=\"2 characters\">US</span>\"
    \"<span class=sf-dump-key>city</span>\" => \"<span class=sf-dump-str title=\"5 characters\">fdsfd</span>\"
    \"<span class=sf-dump-key>state</span>\" => \"<span class=sf-dump-str title=\"2 characters\">AL</span>\"
    \"<span class=sf-dump-key>zip_code</span>\" => \"<span class=sf-dump-str title=\"6 characters\">989898</span>\"
    \"<span class=sf-dump-key>created_at</span>\" => \"<span class=sf-dump-str title=\"19 characters\">2024-05-23 04:55:19</span>\"
    \"<span class=sf-dump-key>updated_at</span>\" => \"<span class=sf-dump-str title=\"19 characters\">2024-05-23 04:55:19</span>\"
    \"<span class=sf-dump-key>deleted_at</span>\" => <span class=sf-dump-const>null</span>
  </samp>]
  #<span class=sf-dump-protected title=\"Protected property\">original</span>: <span class=sf-dump-note>array:13</span> [<samp data-depth=2 class=sf-dump-compact>
    \"<span class=sf-dump-key>id</span>\" => \"<span class=sf-dump-str title=\"2 characters\">37</span>\"
    \"<span class=sf-dump-key>patient_id</span>\" => \"<span class=sf-dump-str title=\"3 characters\">104</span>\"
    \"<span class=sf-dump-key>first_name</span>\" => \"<span class=sf-dump-str title=\"4 characters\">dsds</span>\"
    \"<span class=sf-dump-key>last_name</span>\" => \"<span class=sf-dump-str title=\"5 characters\">dsdsd</span>\"
    \"<span class=sf-dump-key>address_one</span>\" => \"<span class=sf-dump-str title=\"43 characters\">skdfkdsfnkdsfkdsfjkdsfjkdsjfksdjfsdddfdfdfd</span>\"
    \"<span class=sf-dump-key>address_two</span>\" => \"<span class=sf-dump-str title=\"35 characters\">skdfkdsfnkdsfkdsfjkdsfjkdsjfksdjfsd</span>\"
    \"<span class=sf-dump-key>country</span>\" => \"<span class=sf-dump-str title=\"2 characters\">US</span>\"
    \"<span class=sf-dump-key>city</span>\" => \"<span class=sf-dump-str title=\"5 characters\">fdsfd</span>\"
    \"<span class=sf-dump-key>state</span>\" => \"<span class=sf-dump-str title=\"2 characters\">AL</span>\"
    \"<span class=sf-dump-key>zip_code</span>\" => \"<span class=sf-dump-str title=\"6 characters\">989898</span>\"
    \"<span class=sf-dump-key>created_at</span>\" => \"<span class=sf-dump-str title=\"19 characters\">2024-05-23 04:55:19</span>\"
    \"<span class=sf-dump-key>updated_at</span>\" => \"<span class=sf-dump-str title=\"19 characters\">2024-05-23 04:55:19</span>\"
    \"<span class=sf-dump-key>deleted_at</span>\" => <span class=sf-dump-const>null</span>
  </samp>]
  #<span class=sf-dump-protected title=\"Protected property\">changes</span>: []
  #<span class=sf-dump-protected title=\"Protected property\">casts</span>: <span class=sf-dump-note>array:1</span> [<samp data-depth=2 class=sf-dump-compact>
    \"<span class=sf-dump-key>deleted_at</span>\" => \"<span class=sf-dump-str title=\"8 characters\">datetime</span>\"
  </samp>]
  #<span class=sf-dump-protected title=\"Protected property\">classCastCache</span>: []
  #<span class=sf-dump-protected title=\"Protected property\">attributeCastCache</span>: []
  #<span class=sf-dump-protected title=\"Protected property\">dates</span>: []
  #<span class=sf-dump-protected title=\"Protected property\">dateFormat</span>: <span class=sf-dump-const>null</span>
  #<span class=sf-dump-protected title=\"Protected property\">appends</span>: []
  #<span class=sf-dump-protected title=\"Protected property\">dispatchesEvents</span>: []
  #<span class=sf-dump-protected title=\"Protected property\">observables</span>: []
  #<span class=sf-dump-protected title=\"Protected property\">relations</span>: []
  #<span class=sf-dump-protected title=\"Protected property\">touches</span>: []
  +<span class=sf-dump-public title=\"Public property\">timestamps</span>: <span class=sf-dump-const>true</span>
  #<span class=sf-dump-protected title=\"Protected property\">hidden</span>: []
  #<span class=sf-dump-protected title=\"Protected property\">visible</span>: []
  #<span class=sf-dump-protected title=\"Protected property\">guarded</span>: <span class=sf-dump-note>array:1</span> [<samp data-depth=2 class=sf-dump-compact>
    <span class=sf-dump-index>0</span> => \"<span class=sf-dump-str>*</span>\"
  </samp>]
  #<span class=sf-dump-protected title=\"Protected property\">forceDeleting</span>: <span class=sf-dump-const>false</span>
  +<span class=sf-dump-public title=\"Public property\">mediaConversions</span>: []
  +<span class=sf-dump-public title=\"Public property\">mediaCollections</span>: []
  #<span class=sf-dump-protected title=\"Protected property\">deletePreservingMedia</span>: <span class=sf-dump-const>false</span>
  #<span class=sf-dump-protected title=\"Protected property\">unAttachedMediaLibraryItems</span>: []
</samp>}
</pre><script>Sfdump(\"sf-dump-1924659148\", {\"maxDepth\":3,\"maxStringLength\":160})</script>
"}},"exception":"[object] (Facade\\Ignition\\Exceptions\\ViewException(code: 0): Undefined variable $gender (View: /home2/leavecod/headsup.leavecodetech.com/resources/views/patient-form/patient-payment.blade.php) at /home2/leavecod/headsup.leavecodetech.com/resources/views/patient-form/patient-payment.blade.php:358)
[stacktrace]
#0 /home2/leavecod/headsup.leavecodetech.com/resources/views/patient-form/patient-payment.blade.php(358): Illuminate\\Foundation\\Bootstrap\\HandleExceptions->handleError()
#1 /home2/leavecod/headsup.leavecodetech.com/vendor/laravel/framework/src/Illuminate/Filesystem/Filesystem.php(107): require('/home2/leavecod...')
#2 /home2/leavecod/headsup.leavecodetech.com/vendor/laravel/framework/src/Illuminate/Filesystem/Filesystem.php(108): Illuminate\\Filesystem\\Filesystem::Illuminate\\Filesystem\\{closure}()
#3 /home2/leavecod/headsup.leavecodetech.com/vendor/laravel/framework/src/Illuminate/View/Engines/PhpEngine.php(58): Illuminate\\Filesystem\\Filesystem->getRequire()
#4 /home2/leavecod/headsup.leavecodetech.com/vendor/laravel/framework/src/Illuminate/View/Engines/CompilerEngine.php(61): Illuminate\\View\\Engines\\PhpEngine->evaluatePath()
#5 /home2/leavecod/headsup.leavecodetech.com/vendor/facade/ignition/src/Views/Engines/CompilerEngine.php(37): Illuminate\\View\\Engines\\CompilerEngine->get()
#6 /home2/leavecod/headsup.leavecodetech.com/vendor/laravel/framework/src/Illuminate/View/View.php(139): Facade\\Ignition\\Views\\Engines\\CompilerEngine->get()
#7 /home2/leavecod/headsup.leavecodetech.com/vendor/laravel/framework/src/Illuminate/View/View.php(122): Illuminate\\View\\View->getContents()
#8 /home2/leavecod/headsup.leavecodetech.com/vendor/laravel/framework/src/Illuminate/View/View.php(91): Illuminate\\View\\View->renderContents()
#9 /home2/leavecod/headsup.leavecodetech.com/vendor/laravel/framework/src/Illuminate/Http/Response.php(69): Illuminate\\View\\View->render()
#10 /home2/leavecod/headsup.leavecodetech.com/vendor/laravel/framework/src/Illuminate/Http/Response.php(35): Illuminate\\Http\\Response->setContent()
#11 /home2/leavecod/headsup.leavecodetech.com/vendor/laravel/framework/src/Illuminate/Routing/Router.php(820): Illuminate\\Http\\Response->__construct()
#12 /home2/leavecod/headsup.leavecodetech.com/vendor/laravel/framework/src/Illuminate/Routing/Router.php(789): Illuminate\\Routing\\Router::toResponse()
#13 /home2/leavecod/headsup.leavecodetech.com/vendor/laravel/framework/src/Illuminate/Routing/Router.php(721): Illuminate\\Routing\\Router->prepareResponse()
#14 /home2/leavecod/headsup.leavecodetech.com/vendor/laravel/framework/src/Illuminate/Pipeline/Pipeline.php(128): Illuminate\\Routing\\Router->Illuminate\\Routing\\{closure}()
#15 /home2/leavecod/headsup.leavecodetech.com/app/Http/Middleware/SetLocale.php(24): Illuminate\\Pipeline\\Pipeline->Illuminate\\Pipeline\\{closure}()
#16 /home2/leavecod/headsup.leavecodetech.com/vendor/laravel/framework/src/Illuminate/Pipeline/Pipeline.php(167): App\\Http\\Middleware\\SetLocale->handle()
#17 /home2/leavecod/headsup.leavecodetech.com/app/Http/Middleware/AuthGates.php(32): Illuminate\\Pipeline\\Pipeline->Illuminate\\Pipeline\\{closure}()
#18 /home2/leavecod/headsup.leavecodetech.com/vendor/laravel/framework/src/Illuminate/Pipeline/Pipeline.php(167): App\\Http\\Middleware\\AuthGates->handle()
#19 /home2/leavecod/headsup.leavecodetech.com/vendor/laravel/framework/src/Illuminate/Routing/Middleware/SubstituteBindings.php(50): Illuminate\\Pipeline\\Pipeline->Illuminate\\Pipeline\\{closure}()
#20 /home2/leavecod/headsup.leavecodetech.com/vendor/laravel/framework/src/Illuminate/Pipeline/Pipeline.php(167): Illuminate\\Routing\\Middleware\\SubstituteBindings->handle()
#21 /home2/leavecod/headsup.leavecodetech.com/vendor/laravel/framework/src/Illuminate/Foundation/Http/Middleware/VerifyCsrfToken.php(78): Illuminate\\Pipeline\\Pipeline->Illuminate\\Pipeline\\{closure}()
#22 /home2/leavecod/headsup.leavecodetech.com/vendor/laravel/framework/src/Illuminate/Pipeline/Pipeline.php(167): Illuminate\\Foundation\\Http\\Middleware\\VerifyCsrfToken->handle()
#23 /home2/leavecod/headsup.leavecodetech.com/vendor/laravel/framework/src/Illuminate/View/Middleware/ShareErrorsFromSession.php(49): Illuminate\\Pipeline\\Pipeline->Illuminate\\Pipeline\\{closure}()
#24 /home2/leavecod/headsup.leavecodetech.com/vendor/laravel/framework/src/Illuminate/Pipeline/Pipeline.php(167): Illuminate\\View\\Middleware\\ShareErrorsFromSession->handle()
#25 /home2/leavecod/headsup.leavecodetech.com/vendor/laravel/framework/src/Illuminate/Session/Middleware/StartSession.php(121): Illuminate\\Pipeline\\Pipeline->Illuminate\\Pipeline\\{closure}()
#26 /home2/leavecod/headsup.leavecodetech.com/vendor/laravel/framework/src/Illuminate/Session/Middleware/StartSession.php(64): Illuminate\\Session\\Middleware\\StartSession->handleStatefulRequest()
#27 /home2/leavecod/headsup.leavecodetech.com/vendor/laravel/framework/src/Illuminate/Pipeline/Pipeline.php(167): Illuminate\\Session\\Middleware\\StartSession->handle()
#28 /home2/leavecod/headsup.leavecodetech.com/vendor/laravel/framework/src/Illuminate/Cookie/Middleware/AddQueuedCookiesToResponse.php(37): Illuminate\\Pipeline\\Pipeline->Illuminate\\Pipeline\\{closure}()
#29 /home2/leavecod/headsup.leavecodetech.com/vendor/laravel/framework/src/Illuminate/Pipeline/Pipeline.php(167): Illuminate\\Cookie\\Middleware\\AddQueuedCookiesToResponse->handle()
#30 /home2/leavecod/headsup.leavecodetech.com/vendor/laravel/framework/src/Illuminate/Cookie/Middleware/EncryptCookies.php(67): Illuminate\\Pipeline\\Pipeline->Illuminate\\Pipeline\\{closure}()
#31 /home2/leavecod/headsup.leavecodetech.com/vendor/laravel/framework/src/Illuminate/Pipeline/Pipeline.php(167): Illuminate\\Cookie\\Middleware\\EncryptCookies->handle()
#32 /home2/leavecod/headsup.leavecodetech.com/vendor/laravel/framework/src/Illuminate/Pipeline/Pipeline.php(103): Illuminate\\Pipeline\\Pipeline->Illuminate\\Pipeline\\{closure}()
#33 /home2/leavecod/headsup.leavecodetech.com/vendor/laravel/framework/src/Illuminate/Routing/Router.php(723): Illuminate\\Pipeline\\Pipeline->then()
#34 /home2/leavecod/headsup.leavecodetech.com/vendor/laravel/framework/src/Illuminate/Routing/Router.php(698): Illuminate\\Routing\\Router->runRouteWithinStack()
#35 /home2/leavecod/headsup.leavecodetech.com/vendor/laravel/framework/src/Illuminate/Routing/Router.php(662): Illuminate\\Routing\\Router->runRoute()
#36 /home2/leavecod/headsup.leavecodetech.com/vendor/laravel/framework/src/Illuminate/Routing/Router.php(651): Illuminate\\Routing\\Router->dispatchToRoute()
#37 /home2/leavecod/headsup.leavecodetech.com/vendor/laravel/framework/src/Illuminate/Foundation/Http/Kernel.php(167): Illuminate\\Routing\\Router->dispatch()
#38 /home2/leavecod/headsup.leavecodetech.com/vendor/laravel/framework/src/Illuminate/Pipeline/Pipeline.php(128): Illuminate\\Foundation\\Http\\Kernel->Illuminate\\Foundation\\Http\\{closure}()
#39 /home2/leavecod/headsup.leavecodetech.com/vendor/laravel/framework/src/Illuminate/Foundation/Http/Middleware/TransformsRequest.php(21): Illuminate\\Pipeline\\Pipeline->Illuminate\\Pipeline\\{closure}()
#40 /home2/leavecod/headsup.leavecodetech.com/vendor/laravel/framework/src/Illuminate/Foundation/Http/Middleware/ConvertEmptyStringsToNull.php(31): Illuminate\\Foundation\\Http\\Middleware\\TransformsRequest->handle()
#41 /home2/leavecod/headsup.leavecodetech.com/vendor/laravel/framework/src/Illuminate/Pipeline/Pipeline.php(167): Illuminate\\Foundation\\Http\\Middleware\\ConvertEmptyStringsToNull->handle()
#42 /home2/leavecod/headsup.leavecodetech.com/vendor/laravel/framework/src/Illuminate/Foundation/Http/Middleware/PreventRequestsDuringMaintenance.php(86): Illuminate\\Pipeline\\Pipeline->Illuminate\\Pipeline\\{closure}()
#43 /home2/leavecod/headsup.leavecodetech.com/vendor/laravel/framework/src/Illuminate/Pipeline/Pipeline.php(167): Illuminate\\Foundation\\Http\\Middleware\\PreventRequestsDuringMaintenance->handle()
#44 /home2/leavecod/headsup.leavecodetech.com/vendor/laravel/framework/src/Illuminate/Foundation/Http/Middleware/ValidatePostSize.php(27): Illuminate\\Pipeline\\Pipeline->Illuminate\\Pipeline\\{closure}()
#45 /home2/leavecod/headsup.leavecodetech.com/vendor/laravel/framework/src/Illuminate/Pipeline/Pipeline.php(167): Illuminate\\Foundation\\Http\\Middleware\\ValidatePostSize->handle()
#46 /home2/leavecod/headsup.leavecodetech.com/vendor/fideloper/proxy/src/TrustProxies.php(57): Illuminate\\Pipeline\\Pipeline->Illuminate\\Pipeline\\{closure}()
#47 /home2/leavecod/headsup.leavecodetech.com/vendor/laravel/framework/src/Illuminate/Pipeline/Pipeline.php(167): Fideloper\\Proxy\\TrustProxies->handle()
#48 /home2/leavecod/headsup.leavecodetech.com/vendor/laravel/framework/src/Illuminate/Foundation/Http/Middleware/TransformsRequest.php(21): Illuminate\\Pipeline\\Pipeline->Illuminate\\Pipeline\\{closure}()
#49 /home2/leavecod/headsup.leavecodetech.com/vendor/laravel/framework/src/Illuminate/Foundation/Http/Middleware/TrimStrings.php(40): Illuminate\\Foundation\\Http\\Middleware\\TransformsRequest->handle()
#50 /home2/leavecod/headsup.leavecodetech.com/vendor/laravel/framework/src/Illuminate/Pipeline/Pipeline.php(167): Illuminate\\Foundation\\Http\\Middleware\\TrimStrings->handle()
#51 /home2/leavecod/headsup.leavecodetech.com/vendor/laravel/framework/src/Illuminate/Pipeline/Pipeline.php(103): Illuminate\\Pipeline\\Pipeline->Illuminate\\Pipeline\\{closure}()
#52 /home2/leavecod/headsup.leavecodetech.com/vendor/laravel/framework/src/Illuminate/Foundation/Http/Kernel.php(142): Illuminate\\Pipeline\\Pipeline->then()
#53 /home2/leavecod/headsup.leavecodetech.com/vendor/laravel/framework/src/Illuminate/Foundation/Http/Kernel.php(111): Illuminate\\Foundation\\Http\\Kernel->sendRequestThroughRouter()
#54 /home2/leavecod/headsup.leavecodetech.com/index.php(55): Illuminate\\Foundation\\Http\\Kernel->handle()
#55 {main}

[previous exception] [object] (ErrorException(code: 0): Undefined variable $gender at /home2/leavecod/headsup.leavecodetech.com/storage/framework/views/2cc727eeb167e4f7729f1b1089343bfa5d29c747.php:357)
[stacktrace]
#0 /home2/leavecod/headsup.leavecodetech.com/storage/framework/views/2cc727eeb167e4f7729f1b1089343bfa5d29c747.php(357): Illuminate\\Foundation\\Bootstrap\\HandleExceptions->handleError()
#1 /home2/leavecod/headsup.leavecodetech.com/vendor/laravel/framework/src/Illuminate/Filesystem/Filesystem.php(107): require('/home2/leavecod...')
#2 /home2/leavecod/headsup.leavecodetech.com/vendor/laravel/framework/src/Illuminate/Filesystem/Filesystem.php(108): Illuminate\\Filesystem\\Filesystem::Illuminate\\Filesystem\\{closure}()
#3 /home2/leavecod/headsup.leavecodetech.com/vendor/laravel/framework/src/Illuminate/View/Engines/PhpEngine.php(58): Illuminate\\Filesystem\\Filesystem->getRequire()
#4 /home2/leavecod/headsup.leavecodetech.com/vendor/laravel/framework/src/Illuminate/View/Engines/CompilerEngine.php(61): Illuminate\\View\\Engines\\PhpEngine->evaluatePath()
#5 /home2/leavecod/headsup.leavecodetech.com/vendor/facade/ignition/src/Views/Engines/CompilerEngine.php(37): Illuminate\\View\\Engines\\CompilerEngine->get()
#6 /home2/leavecod/headsup.leavecodetech.com/vendor/laravel/framework/src/Illuminate/View/View.php(139): Facade\\Ignition\\Views\\Engines\\CompilerEngine->get()
#7 /home2/leavecod/headsup.leavecodetech.com/vendor/laravel/framework/src/Illuminate/View/View.php(122): Illuminate\\View\\View->getContents()
#8 /home2/leavecod/headsup.leavecodetech.com/vendor/laravel/framework/src/Illuminate/View/View.php(91): Illuminate\\View\\View->renderContents()
#9 /home2/leavecod/headsup.leavecodetech.com/vendor/laravel/framework/src/Illuminate/Http/Response.php(69): Illuminate\\View\\View->render()
#10 /home2/leavecod/headsup.leavecodetech.com/vendor/laravel/framework/src/Illuminate/Http/Response.php(35): Illuminate\\Http\\Response->setContent()
#11 /home2/leavecod/headsup.leavecodetech.com/vendor/laravel/framework/src/Illuminate/Routing/Router.php(820): Illuminate\\Http\\Response->__construct()
#12 /home2/leavecod/headsup.leavecodetech.com/vendor/laravel/framework/src/Illuminate/Routing/Router.php(789): Illuminate\\Routing\\Router::toResponse()
#13 /home2/leavecod/headsup.leavecodetech.com/vendor/laravel/framework/src/Illuminate/Routing/Router.php(721): Illuminate\\Routing\\Router->prepareResponse()
#14 /home2/leavecod/headsup.leavecodetech.com/vendor/laravel/framework/src/Illuminate/Pipeline/Pipeline.php(128): Illuminate\\Routing\\Router->Illuminate\\Routing\\{closure}()
#15 /home2/leavecod/headsup.leavecodetech.com/app/Http/Middleware/SetLocale.php(24): Illuminate\\Pipeline\\Pipeline->Illuminate\\Pipeline\\{closure}()
#16 /home2/leavecod/headsup.leavecodetech.com/vendor/laravel/framework/src/Illuminate/Pipeline/Pipeline.php(167): App\\Http\\Middleware\\SetLocale->handle()
#17 /home2/leavecod/headsup.leavecodetech.com/app/Http/Middleware/AuthGates.php(32): Illuminate\\Pipeline\\Pipeline->Illuminate\\Pipeline\\{closure}()
#18 /home2/leavecod/headsup.leavecodetech.com/vendor/laravel/framework/src/Illuminate/Pipeline/Pipeline.php(167): App\\Http\\Middleware\\AuthGates->handle()
#19 /home2/leavecod/headsup.leavecodetech.com/vendor/laravel/framework/src/Illuminate/Routing/Middleware/SubstituteBindings.php(50): Illuminate\\Pipeline\\Pipeline->Illuminate\\Pipeline\\{closure}()
#20 /home2/leavecod/headsup.leavecodetech.com/vendor/laravel/framework/src/Illuminate/Pipeline/Pipeline.php(167): Illuminate\\Routing\\Middleware\\SubstituteBindings->handle()
#21 /home2/leavecod/headsup.leavecodetech.com/vendor/laravel/framework/src/Illuminate/Foundation/Http/Middleware/VerifyCsrfToken.php(78): Illuminate\\Pipeline\\Pipeline->Illuminate\\Pipeline\\{closure}()
#22 /home2/leavecod/headsup.leavecodetech.com/vendor/laravel/framework/src/Illuminate/Pipeline/Pipeline.php(167): Illuminate\\Foundation\\Http\\Middleware\\VerifyCsrfToken->handle()
#23 /home2/leavecod/headsup.leavecodetech.com/vendor/laravel/framework/src/Illuminate/View/Middleware/ShareErrorsFromSession.php(49): Illuminate\\Pipeline\\Pipeline->Illuminate\\Pipeline\\{closure}()
#24 /home2/leavecod/headsup.leavecodetech.com/vendor/laravel/framework/src/Illuminate/Pipeline/Pipeline.php(167): Illuminate\\View\\Middleware\\ShareErrorsFromSession->handle()
#25 /home2/leavecod/headsup.leavecodetech.com/vendor/laravel/framework/src/Illuminate/Session/Middleware/StartSession.php(121): Illuminate\\Pipeline\\Pipeline->Illuminate\\Pipeline\\{closure}()
#26 /home2/leavecod/headsup.leavecodetech.com/vendor/laravel/framework/src/Illuminate/Session/Middleware/StartSession.php(64): Illuminate\\Session\\Middleware\\StartSession->handleStatefulRequest()
#27 /home2/leavecod/headsup.leavecodetech.com/vendor/laravel/framework/src/Illuminate/Pipeline/Pipeline.php(167): Illuminate\\Session\\Middleware\\StartSession->handle()
#28 /home2/leavecod/headsup.leavecodetech.com/vendor/laravel/framework/src/Illuminate/Cookie/Middleware/AddQueuedCookiesToResponse.php(37): Illuminate\\Pipeline\\Pipeline->Illuminate\\Pipeline\\{closure}()
#29 /home2/leavecod/headsup.leavecodetech.com/vendor/laravel/framework/src/Illuminate/Pipeline/Pipeline.php(167): Illuminate\\Cookie\\Middleware\\AddQueuedCookiesToResponse->handle()
#30 /home2/leavecod/headsup.leavecodetech.com/vendor/laravel/framework/src/Illuminate/Cookie/Middleware/EncryptCookies.php(67): Illuminate\\Pipeline\\Pipeline->Illuminate\\Pipeline\\{closure}()
#31 /home2/leavecod/headsup.leavecodetech.com/vendor/laravel/framework/src/Illuminate/Pipeline/Pipeline.php(167): Illuminate\\Cookie\\Middleware\\EncryptCookies->handle()
#32 /home2/leavecod/headsup.leavecodetech.com/vendor/laravel/framework/src/Illuminate/Pipeline/Pipeline.php(103): Illuminate\\Pipeline\\Pipeline->Illuminate\\Pipeline\\{closure}()
#33 /home2/leavecod/headsup.leavecodetech.com/vendor/laravel/framework/src/Illuminate/Routing/Router.php(723): Illuminate\\Pipeline\\Pipeline->then()
#34 /home2/leavecod/headsup.leavecodetech.com/vendor/laravel/framework/src/Illuminate/Routing/Router.php(698): Illuminate\\Routing\\Router->runRouteWithinStack()
#35 /home2/leavecod/headsup.leavecodetech.com/vendor/laravel/framework/src/Illuminate/Routing/Router.php(662): Illuminate\\Routing\\Router->runRoute()
#36 /home2/leavecod/headsup.leavecodetech.com/vendor/laravel/framework/src/Illuminate/Routing/Router.php(651): Illuminate\\Routing\\Router->dispatchToRoute()
#37 /home2/leavecod/headsup.leavecodetech.com/vendor/laravel/framework/src/Illuminate/Foundation/Http/Kernel.php(167): Illuminate\\Routing\\Router->dispatch()
#38 /home2/leavecod/headsup.leavecodetech.com/vendor/laravel/framework/src/Illuminate/Pipeline/Pipeline.php(128): Illuminate\\Foundation\\Http\\Kernel->Illuminate\\Foundation\\Http\\{closure}()
#39 /home2/leavecod/headsup.leavecodetech.com/vendor/laravel/framework/src/Illuminate/Foundation/Http/Middleware/TransformsRequest.php(21): Illuminate\\Pipeline\\Pipeline->Illuminate\\Pipeline\\{closure}()
#40 /home2/leavecod/headsup.leavecodetech.com/vendor/laravel/framework/src/Illuminate/Foundation/Http/Middleware/ConvertEmptyStringsToNull.php(31): Illuminate\\Foundation\\Http\\Middleware\\TransformsRequest->handle()
#41 /home2/leavecod/headsup.leavecodetech.com/vendor/laravel/framework/src/Illuminate/Pipeline/Pipeline.php(167): Illuminate\\Foundation\\Http\\Middleware\\ConvertEmptyStringsToNull->handle()
#42 /home2/leavecod/headsup.leavecodetech.com/vendor/laravel/framework/src/Illuminate/Foundation/Http/Middleware/PreventRequestsDuringMaintenance.php(86): Illuminate\\Pipeline\\Pipeline->Illuminate\\Pipeline\\{closure}()
#43 /home2/leavecod/headsup.leavecodetech.com/vendor/laravel/framework/src/Illuminate/Pipeline/Pipeline.php(167): Illuminate\\Foundation\\Http\\Middleware\\PreventRequestsDuringMaintenance->handle()
#44 /home2/leavecod/headsup.leavecodetech.com/vendor/laravel/framework/src/Illuminate/Foundation/Http/Middleware/ValidatePostSize.php(27): Illuminate\\Pipeline\\Pipeline->Illuminate\\Pipeline\\{closure}()
#45 /home2/leavecod/headsup.leavecodetech.com/vendor/laravel/framework/src/Illuminate/Pipeline/Pipeline.php(167): Illuminate\\Foundation\\Http\\Middleware\\ValidatePostSize->handle()
#46 /home2/leavecod/headsup.leavecodetech.com/vendor/fideloper/proxy/src/TrustProxies.php(57): Illuminate\\Pipeline\\Pipeline->Illuminate\\Pipeline\\{closure}()
#47 /home2/leavecod/headsup.leavecodetech.com/vendor/laravel/framework/src/Illuminate/Pipeline/Pipeline.php(167): Fideloper\\Proxy\\TrustProxies->handle()
#48 /home2/leavecod/headsup.leavecodetech.com/vendor/laravel/framework/src/Illuminate/Foundation/Http/Middleware/TransformsRequest.php(21): Illuminate\\Pipeline\\Pipeline->Illuminate\\Pipeline\\{closure}()
#49 /home2/leavecod/headsup.leavecodetech.com/vendor/laravel/framework/src/Illuminate/Foundation/Http/Middleware/TrimStrings.php(40): Illuminate\\Foundation\\Http\\Middleware\\TransformsRequest->handle()
#50 /home2/leavecod/headsup.leavecodetech.com/vendor/laravel/framework/src/Illuminate/Pipeline/Pipeline.php(167): Illuminate\\Foundation\\Http\\Middleware\\TrimStrings->handle()
#51 /home2/leavecod/headsup.leavecodetech.com/vendor/laravel/framework/src/Illuminate/Pipeline/Pipeline.php(103): Illuminate\\Pipeline\\Pipeline->Illuminate\\Pipeline\\{closure}()
#52 /home2/leavecod/headsup.leavecodetech.com/vendor/laravel/framework/src/Illuminate/Foundation/Http/Kernel.php(142): Illuminate\\Pipeline\\Pipeline->then()
#53 /home2/leavecod/headsup.leavecodetech.com/vendor/laravel/framework/src/Illuminate/Foundation/Http/Kernel.php(111): Illuminate\\Foundation\\Http\\Kernel->sendRequestThroughRouter()
#54 /home2/leavecod/headsup.leavecodetech.com/index.php(55): Illuminate\\Foundation\\Http\\Kernel->handle()
#55 {main}
"} 
